<?xml version="1.0" encoding="UTF-8"?>
<testng-results skipped="0" failed="0" total="1" passed="1">
  <reporter-output>
  </reporter-output>
  <suite name="TestingSuite" duration-ms="16312" started-at="2019-04-06T14:39:24Z" finished-at="2019-04-06T14:39:41Z">
    <groups>
    </groups>
    <test name="AddingContact" duration-ms="16312" started-at="2019-04-06T14:39:24Z" finished-at="2019-04-06T14:39:41Z">
      <class name="test.AddContactTest">
        <test-method status="PASS" signature="AddingContact(java.lang.String, java.lang.String, java.lang.String, java.lang.String, java.lang.String, java.lang.String, java.lang.String, java.lang.String, java.lang.String, java.lang.String)[pri:0, instance:test.AddContactTest@6f7fd0e6]" name="AddingContact" duration-ms="16281" started-at="2019-04-06T10:39:24Z" finished-at="2019-04-06T10:39:41Z">
          <params>
            <param index="0">
              <value>
                <![CDATA[techfiosdemo@gmail.com]]>
              </value>
            </param>
            <param index="1">
              <value>
                <![CDATA[abc123]]>
              </value>
            </param>
            <param index="2">
              <value>
                <![CDATA[john smith]]>
              </value>
            </param>
            <param index="3">
              <value>
                <![CDATA[Nokia]]>
              </value>
            </param>
            <param index="4">
              <value>
                <![CDATA[john@gmail.com]]>
              </value>
            </param>
            <param index="5">
              <value>
                <![CDATA[3475686544]]>
              </value>
            </param>
            <param index="6">
              <value>
                <![CDATA[3317 finley drive]]>
              </value>
            </param>
            <param index="7">
              <value>
                <![CDATA[dallas]]>
              </value>
            </param>
            <param index="8">
              <value>
                <![CDATA[Texas]]>
              </value>
            </param>
            <param index="9">
              <value>
                <![CDATA[11417]]>
              </value>
            </param>
          </params>
          <reporter-output>
          </reporter-output>
        </test-method> <!-- AddingContact -->
      </class> <!-- test.AddContactTest -->
    </test> <!-- AddingContact -->
  </suite> <!-- TestingSuite -->
</testng-results>
